{"numTotalTestSuites":14,"numPassedTestSuites":12,"numFailedTestSuites":2,"numPendingTestSuites":0,"numTotalTests":43,"numPassedTests":40,"numFailedTests":3,"numPendingTests":0,"numTodoTests":0,"snapshot":{"added":0,"failure":false,"filesAdded":0,"filesRemoved":0,"filesRemovedList":[],"filesUnmatched":0,"filesUpdated":0,"matched":0,"total":0,"unchecked":0,"uncheckedKeysByFile":[],"unmatched":0,"updated":0,"didUpdate":false},"startTime":1772405361665,"success":false,"testResults":[{"assertionResults":[{"ancestorTitles":["ChatGPT adapter"],"fullName":"ChatGPT adapter detects chatgpt.com origin","status":"passed","title":"detects chatgpt.com origin","duration":1.5524000000000342,"failureMessages":[],"meta":{}},{"ancestorTitles":["ChatGPT adapter"],"fullName":"ChatGPT adapter does not detect unrelated origin","status":"passed","title":"does not detect unrelated origin","duration":0.35170000000005075,"failureMessages":[],"meta":{}},{"ancestorTitles":["ChatGPT adapter"],"fullName":"ChatGPT adapter finds prompt element by id","status":"passed","title":"finds prompt element by id","duration":4.358799999999974,"failureMessages":[],"meta":{}},{"ancestorTitles":["ChatGPT adapter"],"fullName":"ChatGPT adapter finds prompt element by data-testid fallback","status":"passed","title":"finds prompt element by data-testid fallback","duration":2.4914999999999736,"failureMessages":[],"meta":{}},{"ancestorTitles":["ChatGPT adapter"],"fullName":"ChatGPT adapter returns null when no prompt element exists","status":"passed","title":"returns null when no prompt element exists","duration":1.9350999999999203,"failureMessages":[],"meta":{}},{"ancestorTitles":["ChatGPT adapter"],"fullName":"ChatGPT adapter reads text from contentEditable div","status":"passed","title":"reads text from contentEditable div","duration":1.1702999999999975,"failureMessages":[],"meta":{}},{"ancestorTitles":["ChatGPT adapter"],"fullName":"ChatGPT adapter reads text from textarea fallback","status":"passed","title":"reads text from textarea fallback","duration":1.70900000000006,"failureMessages":[],"meta":{}},{"ancestorTitles":["ChatGPT adapter"],"fullName":"ChatGPT adapter sets text on contentEditable div","status":"passed","title":"sets text on contentEditable div","duration":1.5932999999999993,"failureMessages":[],"meta":{}},{"ancestorTitles":["ChatGPT adapter"],"fullName":"ChatGPT adapter sets text on textarea fallback","status":"passed","title":"sets text on textarea fallback","duration":1.0382000000000744,"failureMessages":[],"meta":{}},{"ancestorTitles":["ChatGPT adapter"],"fullName":"ChatGPT adapter returns empty string when no element for getPromptText","status":"passed","title":"returns empty string when no element for getPromptText","duration":0.7136000000000422,"failureMessages":[],"meta":{}},{"ancestorTitles":["ChatGPT adapter"],"fullName":"ChatGPT adapter getButtonAnchor returns parent of prompt element","status":"passed","title":"getButtonAnchor returns parent of prompt element","duration":0.6630000000000109,"failureMessages":[],"meta":{}},{"ancestorTitles":["ChatGPT adapter"],"fullName":"ChatGPT adapter getButtonAnchor returns null when no prompt element","status":"passed","title":"getButtonAnchor returns null when no prompt element","duration":0.3130999999999631,"failureMessages":[],"meta":{}},{"ancestorTitles":["Claude adapter"],"fullName":"Claude adapter detects claude.ai origin","status":"passed","title":"detects claude.ai origin","duration":0.1696999999999207,"failureMessages":[],"meta":{}},{"ancestorTitles":["Claude adapter"],"fullName":"Claude adapter does not detect unrelated origin","status":"passed","title":"does not detect unrelated origin","duration":0.11580000000003565,"failureMessages":[],"meta":{}},{"ancestorTitles":["Claude adapter"],"fullName":"Claude adapter finds ProseMirror contentEditable div","status":"passed","title":"finds ProseMirror contentEditable div","duration":1.1001999999999725,"failureMessages":[],"meta":{}},{"ancestorTitles":["Claude adapter"],"fullName":"Claude adapter finds by aria-label fallback","status":"passed","title":"finds by aria-label fallback","duration":0.8708000000000311,"failureMessages":[],"meta":{}},{"ancestorTitles":["Claude adapter"],"fullName":"Claude adapter returns null when no prompt element exists","status":"passed","title":"returns null when no prompt element exists","duration":0.46279999999990196,"failureMessages":[],"meta":{}},{"ancestorTitles":["Claude adapter"],"fullName":"Claude adapter reads text from contentEditable","status":"passed","title":"reads text from contentEditable","duration":0.36559999999997217,"failureMessages":[],"meta":{}},{"ancestorTitles":["Claude adapter"],"fullName":"Claude adapter sets text on contentEditable","status":"passed","title":"sets text on contentEditable","duration":0.7649999999999864,"failureMessages":[],"meta":{}},{"ancestorTitles":["Claude adapter"],"fullName":"Claude adapter returns empty string when no element","status":"passed","title":"returns empty string when no element","duration":0.2799999999999727,"failureMessages":[],"meta":{}},{"ancestorTitles":["Claude adapter"],"fullName":"Claude adapter getButtonAnchor returns parent of prompt element","status":"passed","title":"getButtonAnchor returns parent of prompt element","duration":0.3351999999999862,"failureMessages":[],"meta":{}}],"startTime":1772405362475,"endTime":1772405362498.3352,"status":"passed","message":"","name":"C:/Dev/Clairity/extension/tests/adapters/adapters.test.ts"},{"assertionResults":[{"ancestorTitles":["Adapter registry"],"fullName":"Adapter registry detects ChatGPT adapter for chat.openai.com","status":"passed","title":"detects ChatGPT adapter for chat.openai.com","duration":1.7139999999999418,"failureMessages":[],"meta":{}},{"ancestorTitles":["Adapter registry"],"fullName":"Adapter registry detects ChatGPT adapter for chatgpt.com","status":"passed","title":"detects ChatGPT adapter for chatgpt.com","duration":0.3890999999999849,"failureMessages":[],"meta":{}},{"ancestorTitles":["Adapter registry"],"fullName":"Adapter registry detects Claude adapter for claude.ai","status":"passed","title":"detects Claude adapter for claude.ai","duration":0.3785000000000309,"failureMessages":[],"meta":{}},{"ancestorTitles":["Adapter registry"],"fullName":"Adapter registry returns null for unsupported site","status":"passed","title":"returns null for unsupported site","duration":0.34589999999991505,"failureMessages":[],"meta":{}},{"ancestorTitles":["Adapter registry"],"fullName":"Adapter registry returns null for gemini (not yet implemented)","status":"passed","title":"returns null for gemini (not yet implemented)","duration":0.32000000000005,"failureMessages":[],"meta":{}}],"startTime":1772405362476,"endTime":1772405362479.346,"status":"passed","message":"","name":"C:/Dev/Clairity/extension/tests/adapters/registry.test.ts"},{"assertionResults":[{"ancestorTitles":["injectEnhanceButton"],"fullName":"injectEnhanceButton injects button with aria-label and default Simple text","status":"failed","title":"injects button with aria-label and default Simple text","duration":10.731600000000071,"failureMessages":["AssertionError: expected undefined to be 'Enhance prompt' // Object.is equality\n    at C:\\Dev\\Clairity\\extension\\tests\\content\\enhance-button.test.ts:52:49\n    at file:///C:/Dev/Clairity/node_modules/@vitest/runner/dist/chunk-hooks.js:155:11\n    at file:///C:/Dev/Clairity/node_modules/@vitest/runner/dist/chunk-hooks.js:752:26\n    at file:///C:/Dev/Clairity/node_modules/@vitest/runner/dist/chunk-hooks.js:1897:20\n    at new Promise (<anonymous>)\n    at runWithTimeout (file:///C:/Dev/Clairity/node_modules/@vitest/runner/dist/chunk-hooks.js:1863:10)\n    at runTest (file:///C:/Dev/Clairity/node_modules/@vitest/runner/dist/chunk-hooks.js:1574:12)\n    at processTicksAndRejections (node:internal/process/task_queues:105:5)\n    at runSuite (file:///C:/Dev/Clairity/node_modules/@vitest/runner/dist/chunk-hooks.js:1729:8)\n    at runSuite (file:///C:/Dev/Clairity/node_modules/@vitest/runner/dist/chunk-hooks.js:1729:8)"],"meta":{}},{"ancestorTitles":["injectEnhanceButton"],"fullName":"injectEnhanceButton injects Advanced text if storage returns advanced mode","status":"failed","title":"injects Advanced text if storage returns advanced mode","duration":2.460199999999986,"failureMessages":["AssertionError: expected undefined to be 'Enhance Request' // Object.is equality\n    at C:\\Dev\\Clairity\\extension\\tests\\content\\enhance-button.test.ts:62:34\n    at file:///C:/Dev/Clairity/node_modules/@vitest/runner/dist/chunk-hooks.js:155:11\n    at file:///C:/Dev/Clairity/node_modules/@vitest/runner/dist/chunk-hooks.js:752:26\n    at file:///C:/Dev/Clairity/node_modules/@vitest/runner/dist/chunk-hooks.js:1897:20\n    at new Promise (<anonymous>)\n    at runWithTimeout (file:///C:/Dev/Clairity/node_modules/@vitest/runner/dist/chunk-hooks.js:1863:10)\n    at runTest (file:///C:/Dev/Clairity/node_modules/@vitest/runner/dist/chunk-hooks.js:1574:12)\n    at processTicksAndRejections (node:internal/process/task_queues:105:5)\n    at runSuite (file:///C:/Dev/Clairity/node_modules/@vitest/runner/dist/chunk-hooks.js:1729:8)\n    at runSuite (file:///C:/Dev/Clairity/node_modules/@vitest/runner/dist/chunk-hooks.js:1729:8)"],"meta":{}},{"ancestorTitles":["injectEnhanceButton"],"fullName":"injectEnhanceButton injects an error div with role=alert","status":"failed","title":"injects an error div with role=alert","duration":1.0985000000000582,"failureMessages":["AssertionError: expected undefined to be 'alert' // Object.is equality\n    at C:\\Dev\\Clairity\\extension\\tests\\content\\enhance-button.test.ts:69:48\n    at file:///C:/Dev/Clairity/node_modules/@vitest/runner/dist/chunk-hooks.js:155:11\n    at file:///C:/Dev/Clairity/node_modules/@vitest/runner/dist/chunk-hooks.js:752:26\n    at file:///C:/Dev/Clairity/node_modules/@vitest/runner/dist/chunk-hooks.js:1897:20\n    at new Promise (<anonymous>)\n    at runWithTimeout (file:///C:/Dev/Clairity/node_modules/@vitest/runner/dist/chunk-hooks.js:1863:10)\n    at runTest (file:///C:/Dev/Clairity/node_modules/@vitest/runner/dist/chunk-hooks.js:1574:12)\n    at processTicksAndRejections (node:internal/process/task_queues:105:5)\n    at runSuite (file:///C:/Dev/Clairity/node_modules/@vitest/runner/dist/chunk-hooks.js:1729:8)\n    at runSuite (file:///C:/Dev/Clairity/node_modules/@vitest/runner/dist/chunk-hooks.js:1729:8)"],"meta":{}}],"startTime":1772405362474,"endTime":1772405362488.0984,"status":"failed","message":"","name":"C:/Dev/Clairity/extension/tests/content/enhance-button.test.ts"},{"assertionResults":[{"ancestorTitles":["validatePromptLength"],"fullName":"validatePromptLength returns error for empty prompt","status":"passed","title":"returns error for empty prompt","duration":0.6844999999999573,"failureMessages":[],"meta":{}},{"ancestorTitles":["validatePromptLength"],"fullName":"validatePromptLength returns null for valid prompt","status":"passed","title":"returns null for valid prompt","duration":0.12560000000007676,"failureMessages":[],"meta":{}},{"ancestorTitles":["validatePromptLength"],"fullName":"validatePromptLength returns error when exceeding 10000 characters","status":"passed","title":"returns error when exceeding 10000 characters","duration":11.34559999999999,"failureMessages":[],"meta":{}},{"ancestorTitles":["validatePromptLength"],"fullName":"validatePromptLength accepts exactly 10000 characters","status":"passed","title":"accepts exactly 10000 characters","duration":0.1106000000000904,"failureMessages":[],"meta":{}},{"ancestorTitles":["collectPreset"],"fullName":"collectPreset returns preset object with defaults","status":"passed","title":"returns preset object with defaults","duration":7.2801999999999225,"failureMessages":[],"meta":{}},{"ancestorTitles":["collectPreset"],"fullName":"collectPreset captures selected intent and context","status":"passed","title":"captures selected intent and context","duration":1.7314000000000078,"failureMessages":[],"meta":{}},{"ancestorTitles":["scoreColor"],"fullName":"scoreColor returns green for high scores","status":"passed","title":"returns green for high scores","duration":0.12020000000006803,"failureMessages":[],"meta":{}},{"ancestorTitles":["scoreColor"],"fullName":"scoreColor returns yellow for medium scores","status":"passed","title":"returns yellow for medium scores","duration":0.07179999999993925,"failureMessages":[],"meta":{}},{"ancestorTitles":["scoreColor"],"fullName":"scoreColor returns red for low scores","status":"passed","title":"returns red for low scores","duration":0.09590000000002874,"failureMessages":[],"meta":{}},{"ancestorTitles":["debounce"],"fullName":"debounce delays execution","status":"passed","title":"delays execution","duration":32.70909999999992,"failureMessages":[],"meta":{}},{"ancestorTitles":["renderLintTips"],"fullName":"renderLintTips renders at most 1 tip in simple mode","status":"passed","title":"renders at most 1 tip in simple mode","duration":3.447200000000066,"failureMessages":[],"meta":{}},{"ancestorTitles":["renderLintTips"],"fullName":"renderLintTips renders up to 3 tips in advanced mode","status":"passed","title":"renders up to 3 tips in advanced mode","duration":1.106800000000021,"failureMessages":[],"meta":{}},{"ancestorTitles":["renderRiskBadge"],"fullName":"renderRiskBadge always shows risk label","status":"passed","title":"always shows risk label","duration":6.572099999999978,"failureMessages":[],"meta":{}},{"ancestorTitles":["renderRiskBadge"],"fullName":"renderRiskBadge shows guardrail and reasons in advanced mode","status":"passed","title":"shows guardrail and reasons in advanced mode","duration":1.7320999999999458,"failureMessages":[],"meta":{}}],"startTime":1772405362476,"endTime":1772405362543.7322,"status":"passed","message":"","name":"C:/Dev/Clairity/extension/tests/popup/popup.test.ts"}]}
